<?xml version="1.0" encoding="UTF-8"?>
<!-- Generated by org.testng.reporters.JUnitXMLReporter -->
<testsuite ignored="0" hostname="DESKTOP-1T78POU" failures="1" tests="2" name="OpenCartTests" time="38.457" errors="0" timestamp="2023-10-09T22:54:55 IST">
  <testcase classname="testCases.TC_001_AccountRegistrationTest" name="AccountRegistrationTest" time="16.803">
    <failure type="java.lang.AssertionError" message="null">
      <![CDATA[java.lang.AssertionError: null
at testCases.TC_001_AccountRegistrationTest.AccountRegistrationTest(TC_001_AccountRegistrationTest.java:50)
at java.base/java.util.ArrayList.forEach(ArrayList.java:1511)
... Removed 27 stack frames]]>
    </failure>
  </testcase> <!-- AccountRegistrationTest -->
  <testcase classname="testCases.tc_002_LoginTest" name="test_Login" time="1.955"/>
</testsuite> <!-- OpenCartTests -->
